<?xml version="1.0" encoding="UTF-8"?>
<testsuite name="cg.wbd.grandemonstration.service.CustomerServiceTest" tests="4" skipped="0" failures="0" errors="0" timestamp="2021-05-13T02:55:26" hostname="HSLUC" time="0.023">
  <properties/>
  <testcase name="testFindAll()" classname="cg.wbd.grandemonstration.service.CustomerServiceTest" time="0.016"/>
  <testcase name="testFindByIdNotFound()" classname="cg.wbd.grandemonstration.service.CustomerServiceTest" time="0.001"/>
  <testcase name="testFindByIdFound()" classname="cg.wbd.grandemonstration.service.CustomerServiceTest" time="0.002"/>
  <testcase name="saveCustomer()" classname="cg.wbd.grandemonstration.service.CustomerServiceTest" time="0.001"/>
  <system-out><![CDATA[]]></system-out>
  <system-err><![CDATA[]]></system-err>
</testsuite>
